#
# There is insufficient memory for the Java Runtime Environment to continue.
# Native memory allocation (malloc) failed to allocate 1048576 bytes. Error detail: AllocateHeap
# Possible reasons:
#   The system is out of physical RAM or swap space
#   This process is running with CompressedOops enabled, and the Java Heap may be blocking the growth of the native heap
# Possible solutions:
#   Reduce memory load on the system
#   Increase physical memory or swap space
#   Check if swap backing store is full
#   Decrease Java heap size (-Xmx/-Xms)
#   Decrease number of Java threads
#   Decrease Java thread stack sizes (-Xss)
#   Set larger code cache with -XX:ReservedCodeCacheSize=
#   JVM is running with Unscaled Compressed Oops mode in which the Java heap is
#     placed in the first 4GB address space. The Java Heap base address is the
#     maximum limit for the native heap growth. Please use -XX:HeapBaseMinAddress
#     to set the Java Heap base and to place the Java Heap above 4GB virtual address.
# This output file may be truncated or incomplete.
#
#  Out of Memory Error (allocation.cpp:44), pid=13264, tid=21896
#
# JRE version: OpenJDK Runtime Environment Temurin-21.0.8+9 (21.0.8+9) (build 21.0.8+9-LTS)
# Java VM: OpenJDK 64-Bit Server VM Temurin-21.0.8+9 (21.0.8+9-LTS, mixed mode, sharing, tiered, compressed oops, compressed class ptrs, parallel gc, windows-amd64)
# No core dump will be written. Minidumps are not enabled by default on client versions of Windows
#

---------------  S U M M A R Y ------------

Command Line: --add-modules=ALL-SYSTEM --add-opens=java.base/java.util=ALL-UNNAMED --add-opens=java.base/java.lang=ALL-UNNAMED --add-opens=java.base/sun.nio.fs=ALL-UNNAMED -Declipse.application=org.eclipse.jdt.ls.core.id1 -Dosgi.bundles.defaultStartLevel=4 -Declipse.product=org.eclipse.jdt.ls.core.product -Djava.import.generatesMetadataFilesAtProjectRoot=false -DDetectVMInstallationsJob.disabled=true -Dfile.encoding=utf8 -XX:+UseParallelGC -XX:GCTimeRatio=4 -XX:AdaptiveSizePolicyWeight=90 -Dsun.zip.disableMemoryMapping=true -Xmx2G -Xms100m -Xlog:disable -javaagent:c:\Users\user\.vscode\extensions\redhat.java-1.46.0-win32-x64\lombok\lombok-1.18.39-4050.jar -XX:+HeapDumpOnOutOfMemoryError -XX:HeapDumpPath=c:\Users\user\AppData\Roaming\Code\User\workspaceStorage\968f4acc916927243aacbed8db51f338\redhat.java -Daether.dependencyCollector.impl=bf c:\Users\user\.vscode\extensions\redhat.java-1.46.0-win32-x64\server\plugins\org.eclipse.equinox.launcher_1.7.0.v20250519-0528.jar -configuration c:\Users\user\AppData\Roaming\Code\User\globalStorage\redhat.java\1.46.0\config_win -data c:\Users\user\AppData\Roaming\Code\User\workspaceStorage\968f4acc916927243aacbed8db51f338\redhat.java\jdt_ws --pipe=\\.\pipe\lsp-ab1abcdf51dcdab4940b50895c10fd66-sock

Host: 11th Gen Intel(R) Core(TM) i7-1165G7 @ 2.80GHz, 8 cores, 7G,  Windows 11 , 64 bit Build 26100 (10.0.26100.6725)
Time: Mon Oct 27 09:04:06 2025 South Africa Standard Time elapsed time: 770.948233 seconds (0d 0h 12m 50s)

---------------  T H R E A D  ---------------

Current thread (0x000002ccef0f4a70):  JavaThread "Attach Listener" daemon [_thread_in_vm, id=21896, stack(0x000000cdddd00000,0x000000cddde00000) (1024K)]

Stack: [0x000000cdddd00000,0x000000cddde00000]
Native frames: (J=compiled Java code, j=interpreted, Vv=VM code, C=native code)
V  [jvm.dll+0x6d2449]
V  [jvm.dll+0x8ae341]
V  [jvm.dll+0x8b08be]
V  [jvm.dll+0x8b0fa3]
V  [jvm.dll+0x280c96]
V  [jvm.dll+0xc0347]
V  [jvm.dll+0x6d2cf9]
V  [jvm.dll+0x131116]
V  [jvm.dll+0x3f2d16]
V  [jvm.dll+0x857e6b]
V  [jvm.dll+0x6d0b0d]
C  [ucrtbase.dll+0x37b0]
C  [KERNEL32.DLL+0x2e8d7]
C  [ntdll.dll+0x8c53c]


---------------  P R O C E S S  ---------------

Threads class SMR info:
_java_thread_list=0x000002ccfe985e70, length=35, elements={
0x000002ccef17fb30, 0x000002ccef23bb40, 0x000002ccef23c690, 0x000002ccef23e840,
0x000002ccef0f4a70, 0x000002ccef0f8fc0, 0x000002ccef0fba20, 0x000002ccef0fc850,
0x000002ccf8417520, 0x000002ccf84a1c90, 0x000002ccf86d5000, 0x000002ccf8e995a0,
0x000002ccf8e9c840, 0x000002ccf8fbc4e0, 0x000002ccfd1a8810, 0x000002ccfd2614e0,
0x000002ccfd1eeed0, 0x000002ccfd623430, 0x000002ccfd728900, 0x000002ccfd8efe40,
0x000002ccfd8ef7b0, 0x000002ccfd8f1880, 0x000002ccfd8f04d0, 0x000002ccfd8f11f0,
0x000002ccd09c2170, 0x000002ccd09c1ae0, 0x000002ccd09c2800, 0x000002ccd09c2e90,
0x000002ccd09c3520, 0x000002ccd09c3bb0, 0x000002ccd09c4240, 0x000002ccd09c0dc0,
0x000002ccd09c83e0, 0x000002ccd09c76c0, 0x000002ccfda3fc00
}

Java Threads: ( => current thread )
  0x000002ccef17fb30 JavaThread "main"                              [_thread_blocked, id=11400, stack(0x000000cddd600000,0x000000cddd700000) (1024K)]
  0x000002ccef23bb40 JavaThread "Reference Handler"          daemon [_thread_blocked, id=29708, stack(0x000000cddda00000,0x000000cdddb00000) (1024K)]
  0x000002ccef23c690 JavaThread "Finalizer"                  daemon [_thread_blocked, id=33176, stack(0x000000cdddb00000,0x000000cdddc00000) (1024K)]
  0x000002ccef23e840 JavaThread "Signal Dispatcher"          daemon [_thread_blocked, id=24460, stack(0x000000cdddc00000,0x000000cdddd00000) (1024K)]
=>0x000002ccef0f4a70 JavaThread "Attach Listener"            daemon [_thread_in_vm, id=21896, stack(0x000000cdddd00000,0x000000cddde00000) (1024K)]
  0x000002ccef0f8fc0 JavaThread "Service Thread"             daemon [_thread_blocked, id=29208, stack(0x000000cddde00000,0x000000cdddf00000) (1024K)]
  0x000002ccef0fba20 JavaThread "Monitor Deflation Thread"   daemon [_thread_blocked, id=31200, stack(0x000000cdddf00000,0x000000cdde000000) (1024K)]
  0x000002ccef0fc850 JavaThread "C2 CompilerThread0"         daemon [_thread_blocked, id=4072, stack(0x000000cdde000000,0x000000cdde100000) (1024K)]
  0x000002ccf8417520 JavaThread "C1 CompilerThread0"         daemon [_thread_blocked, id=28336, stack(0x000000cdde100000,0x000000cdde200000) (1024K)]
  0x000002ccf84a1c90 JavaThread "Common-Cleaner"             daemon [_thread_blocked, id=13248, stack(0x000000cdde200000,0x000000cdde300000) (1024K)]
  0x000002ccf86d5000 JavaThread "Notification Thread"        daemon [_thread_blocked, id=2684, stack(0x000000cdde300000,0x000000cdde400000) (1024K)]
  0x000002ccf8e995a0 JavaThread "Active Thread: Equinox Container: 786e92c8-016c-46b0-b097-4546226d00de"        [_thread_blocked, id=29564, stack(0x000000cddea00000,0x000000cddeb00000) (1024K)]
  0x000002ccf8e9c840 JavaThread "Refresh Thread: Equinox Container: 786e92c8-016c-46b0-b097-4546226d00de" daemon [_thread_blocked, id=8632, stack(0x000000cddeb00000,0x000000cddec00000) (1024K)]
  0x000002ccf8fbc4e0 JavaThread "Framework Event Dispatcher: Equinox Container: 786e92c8-016c-46b0-b097-4546226d00de" daemon [_thread_blocked, id=11944, stack(0x000000cdded00000,0x000000cddee00000) (1024K)]
  0x000002ccfd1a8810 JavaThread "Start Level: Equinox Container: 786e92c8-016c-46b0-b097-4546226d00de" daemon [_thread_blocked, id=31688, stack(0x000000cddee00000,0x000000cddef00000) (1024K)]
  0x000002ccfd2614e0 JavaThread "Bundle File Closer"         daemon [_thread_blocked, id=28764, stack(0x000000cddef00000,0x000000cddf000000) (1024K)]
  0x000002ccfd1eeed0 JavaThread "SCR Component Actor"        daemon [_thread_blocked, id=24112, stack(0x000000cddd400000,0x000000cddd500000) (1024K)]
  0x000002ccfd623430 JavaThread "Worker-JM"                         [_thread_blocked, id=18736, stack(0x000000cddf000000,0x000000cddf100000) (1024K)]
  0x000002ccfd728900 JavaThread "JNA Cleaner"                daemon [_thread_blocked, id=18468, stack(0x000000cddf100000,0x000000cddf200000) (1024K)]
  0x000002ccfd8efe40 JavaThread "Worker-2"                          [_thread_blocked, id=31996, stack(0x000000cddf600000,0x000000cddf700000) (1024K)]
  0x000002ccfd8ef7b0 JavaThread "Java indexing"              daemon [_thread_blocked, id=9864, stack(0x000000cddf800000,0x000000cddf900000) (1024K)]
  0x000002ccfd8f1880 JavaThread "Worker-5"                          [_thread_blocked, id=1588, stack(0x000000cddfc00000,0x000000cddfd00000) (1024K)]
  0x000002ccfd8f04d0 JavaThread "Thread-1"                   daemon [_thread_in_native, id=15652, stack(0x000000cddfd00000,0x000000cddfe00000) (1024K)]
  0x000002ccfd8f11f0 JavaThread "Thread-2"                   daemon [_thread_in_native, id=4252, stack(0x000000cddfe00000,0x000000cddff00000) (1024K)]
  0x000002ccd09c2170 JavaThread "Thread-3"                   daemon [_thread_in_native, id=25928, stack(0x000000cddff00000,0x000000cde0000000) (1024K)]
  0x000002ccd09c1ae0 JavaThread "Thread-4"                   daemon [_thread_in_native, id=18536, stack(0x000000cde0000000,0x000000cde0100000) (1024K)]
  0x000002ccd09c2800 JavaThread "Thread-5"                   daemon [_thread_in_native, id=18712, stack(0x000000cde0100000,0x000000cde0200000) (1024K)]
  0x000002ccd09c2e90 JavaThread "Thread-6"                   daemon [_thread_in_native, id=8392, stack(0x000000cde0200000,0x000000cde0300000) (1024K)]
  0x000002ccd09c3520 JavaThread "Thread-7"                   daemon [_thread_in_native, id=22116, stack(0x000000cde0300000,0x000000cde0400000) (1024K)]
  0x000002ccd09c3bb0 JavaThread "Thread-8"                   daemon [_thread_in_native, id=34148, stack(0x000000cde0400000,0x000000cde0500000) (1024K)]
  0x000002ccd09c4240 JavaThread "Thread-9"                   daemon [_thread_in_native, id=10072, stack(0x000000cde0500000,0x000000cde0600000) (1024K)]
  0x000002ccd09c0dc0 JavaThread "pool-2-thread-1"                   [_thread_blocked, id=31108, stack(0x000000cde0600000,0x000000cde0700000) (1024K)]
  0x000002ccd09c83e0 JavaThread "WorkspaceEventsHandler"            [_thread_blocked, id=22276, stack(0x000000cde0700000,0x000000cde0800000) (1024K)]
  0x000002ccd09c76c0 JavaThread "pool-1-thread-1"                   [_thread_blocked, id=21992, stack(0x000000cde0800000,0x000000cde0900000) (1024K)]
  0x000002ccfda3fc00 JavaThread "Timer-0"                           [_thread_blocked, id=4508, stack(0x000000cddf400000,0x000000cddf500000) (1024K)]
Total: 35

Other Threads:
  0x000002ccef0f26b0 VMThread "VM Thread"                           [id=32552, stack(0x000000cddd900000,0x000000cddda00000) (1024K)]
  0x000002ccef1ecc90 WatcherThread "VM Periodic Task Thread"        [id=19376, stack(0x000000cddd800000,0x000000cddd900000) (1024K)]
  0x000002ccef19e170 WorkerThread "GC Thread#0"                     [id=28192, stack(0x000000cddd700000,0x000000cddd800000) (1024K)]
  0x000002ccf8d99c90 WorkerThread "GC Thread#1"                     [id=23480, stack(0x000000cdde400000,0x000000cdde500000) (1024K)]
  0x000002ccf8d9a430 WorkerThread "GC Thread#2"                     [id=21908, stack(0x000000cdde500000,0x000000cdde600000) (1024K)]
  0x000002ccf8dc68d0 WorkerThread "GC Thread#3"                     [id=20216, stack(0x000000cdde600000,0x000000cdde700000) (1024K)]
  0x000002ccf8dc6c70 WorkerThread "GC Thread#4"                     [id=6880, stack(0x000000cdde700000,0x000000cdde800000) (1024K)]
  0x000002ccf8dc7010 WorkerThread "GC Thread#5"                     [id=24012, stack(0x000000cdde800000,0x000000cdde900000) (1024K)]
  0x000002ccf8dc73b0 WorkerThread "GC Thread#6"                     [id=19160, stack(0x000000cdde900000,0x000000cddea00000) (1024K)]
  0x000002ccf8e9d7b0 WorkerThread "GC Thread#7"                     [id=33796, stack(0x000000cddec00000,0x000000cdded00000) (1024K)]
Total: 10

Threads with active compile tasks:
Total: 0

VM state: not at safepoint (normal execution)

VM Mutex/Monitor currently owned by a thread: None

Heap address: 0x0000000080000000, size: 2048 MB, Compressed Oops mode: 32-bit

CDS archive(s) mapped at: [0x000002cc8f000000-0x000002cc8fba0000-0x000002cc8fba0000), size 12189696, SharedBaseAddress: 0x000002cc8f000000, ArchiveRelocationMode: 1.
Compressed class space mapped at: 0x000002cc90000000-0x000002ccd0000000, reserved size: 1073741824
Narrow klass base: 0x000002cc8f000000, Narrow klass shift: 0, Narrow klass range: 0x100000000

GC Precious Log:
 CardTable entry size: 512
 CPUs: 8 total, 8 available
 Memory: 7975M
 Large Page Support: Disabled
 NUMA Support: Disabled
 Compressed Oops: Enabled (32-bit)
 Alignments: Space 512K, Generation 512K, Heap 2M
 Heap Min Capacity: 100M
 Heap Initial Capacity: 100M
 Heap Max Capacity: 2G
 Pre-touch: Disabled
 Parallel Workers: 8

Heap:
 PSYoungGen      total 10240K, used 4398K [0x00000000d5580000, 0x00000000d6100000, 0x0000000100000000)
  eden space 9216K, 38% used [0x00000000d5580000,0x00000000d58f3ba8,0x00000000d5e80000)
  from space 1024K, 84% used [0x00000000d5f80000,0x00000000d6058020,0x00000000d6080000)
  to   space 512K, 0% used [0x00000000d6080000,0x00000000d6080000,0x00000000d6100000)
 ParOldGen       total 68608K, used 62021K [0x0000000080000000, 0x0000000084300000, 0x00000000d5580000)
  object space 68608K, 90% used [0x0000000080000000,0x0000000083c91680,0x0000000084300000)
 Metaspace       used 61507K, committed 62720K, reserved 1114112K
  class space    used 7223K, committed 7680K, reserved 1048576K

Card table byte_map: [0x000002cceeb20000,0x000002cceef30000] _byte_map_base: 0x000002ccee720000

Marking Bits: (ParMarkBitMap*) 0x00007ffb2d45a340
 Begin Bits: [0x000002ccf2620000, 0x000002ccf4620000)
 End Bits:   [0x000002ccf4620000, 0x000002ccf6620000)

Polling page: 0x000002ccecfa0000

Metaspace:

Usage:
  Non-class:     53.01 MB used.
      Class:      7.05 MB used.
       Both:     60.07 MB used.

Virtual space:
  Non-class space:       64.00 MB reserved,      53.75 MB ( 84%) committed,  1 nodes.
      Class space:        1.00 GB reserved,       7.50 MB ( <1%) committed,  1 nodes.
             Both:        1.06 GB reserved,      61.25 MB (  6%) committed. 

Chunk freelists:
   Non-Class:  9.86 MB
       Class:  8.51 MB
        Both:  18.37 MB

MaxMetaspaceSize: unlimited
CompressedClassSpaceSize: 1.00 GB
Initial GC threshold: 21.00 MB
Current GC threshold: 97.31 MB
CDS: on
 - commit_granule_bytes: 65536.
 - commit_granule_words: 8192.
 - virtual_space_node_default_size: 8388608.
 - enlarge_chunks_in_place: 1.
 - use_allocation_guard: 0.


Internal statistics:

num_allocs_failed_limit: 9.
num_arena_births: 1020.
num_arena_deaths: 22.
num_vsnodes_births: 2.
num_vsnodes_deaths: 0.
num_space_committed: 980.
num_space_uncommitted: 0.
num_chunks_returned_to_freelist: 32.
num_chunks_taken_from_freelist: 3556.
num_chunk_merges: 9.
num_chunk_splits: 2249.
num_chunks_enlarged: 1397.
num_inconsistent_stats: 0.

CodeHeap 'non-profiled nmethods': size=120000Kb used=5424Kb max_used=5424Kb free=114575Kb
 bounds [0x000002cc87ad0000, 0x000002cc88020000, 0x000002cc8f000000]
CodeHeap 'profiled nmethods': size=120000Kb used=15221Kb max_used=15221Kb free=104779Kb
 bounds [0x000002cc80000000, 0x000002cc80ee0000, 0x000002cc87530000]
CodeHeap 'non-nmethods': size=5760Kb used=1434Kb max_used=1502Kb free=4325Kb
 bounds [0x000002cc87530000, 0x000002cc877a0000, 0x000002cc87ad0000]
CodeCache: size=245760Kb, used=22079Kb, max_used=22147Kb, free=223679Kb
 total_blobs=8319, nmethods=7587, adapters=638, full_count=0
Compilation: enabled, stopped_count=0, restarted_count=0

Compilation events (20 events):
Event: 351.679 Thread 0x000002ccf8417520 nmethod 8441 0x000002cc80edc390 code [0x000002cc80edc520, 0x000002cc80edc640]
Event: 351.694 Thread 0x000002ccef0fc850 nmethod 8436 0x000002cc88013f90 code [0x000002cc88014240, 0x000002cc880150f0]
Event: 351.714 Thread 0x000002ccef0fc850 8442       4       org.eclipse.core.internal.resources.MarkerInfo::shareStrings (21 bytes)
Event: 351.740 Thread 0x000002ccef0fc850 nmethod 8442 0x000002cc88016210 code [0x000002cc88016480, 0x000002cc88016eb8]
Event: 351.774 Thread 0x000002ccef0fc850 8443       4       org.eclipse.core.internal.dtree.AbstractDataTreeNode::storeStrings (42 bytes)
Event: 351.853 Thread 0x000002ccef0fc850 nmethod 8443 0x000002cc88017810 code [0x000002cc88017be0, 0x000002cc880198e8]
Event: 351.854 Thread 0x000002ccef0fc850 8444       4       org.eclipse.core.internal.dtree.DataTreeNode::storeStrings (28 bytes)
Event: 351.857 Thread 0x000002ccef0fc850 nmethod 8444 0x000002cc8801af10 code [0x000002cc8801b0e0, 0x000002cc8801b370]
Event: 376.350 Thread 0x000002ccf8417520 8445       3       java.util.concurrent.Executors$RunnableAdapter::call (14 bytes)
Event: 376.384 Thread 0x000002ccf8417520 nmethod 8445 0x000002cc80edc710 code [0x000002cc80edc8c0, 0x000002cc80edcaa8]
Event: 381.553 Thread 0x000002ccef0fc850 8446       4       java.util.TaskQueue::getMin (7 bytes)
Event: 381.562 Thread 0x000002ccef0fc850 nmethod 8446 0x000002cc8801b590 code [0x000002cc8801b720, 0x000002cc8801b7e8]
Event: 471.828 Thread 0x000002ccf8417520 8447       1       org.eclipse.core.internal.jobs.JobManager::isActive (5 bytes)
Event: 471.840 Thread 0x000002ccf8417520 nmethod 8447 0x000002cc8801b890 code [0x000002cc8801ba20, 0x000002cc8801baf0]
Event: 505.555 Thread 0x000002ccf8417520 8448       3       java.lang.Module::getClassLoader (20 bytes)
Event: 505.577 Thread 0x000002ccf8417520 nmethod 8448 0x000002cc80edcb90 code [0x000002cc80edcd40, 0x000002cc80edcf38]
Event: 506.517 Thread 0x000002ccf8417520 8449       3       java.util.concurrent.ScheduledThreadPoolExecutor$ScheduledFutureTask::getDelay (16 bytes)
Event: 506.522 Thread 0x000002ccf8417520 nmethod 8449 0x000002cc80edd010 code [0x000002cc80edd1c0, 0x000002cc80edd358]
Event: 734.098 Thread 0x000002ccef0fc850 8451       4       java.util.TaskQueue::isEmpty (13 bytes)
Event: 734.118 Thread 0x000002ccef0fc850 nmethod 8451 0x000002cc8801bf90 code [0x000002cc8801c120, 0x000002cc8801c1c8]

GC Heap History (20 events):
Event: 71.061 GC heap before
{Heap before GC invocations=53 (full 3):
 PSYoungGen      total 11264K, used 10304K [0x00000000d5580000, 0x00000000d6480000, 0x0000000100000000)
  eden space 9216K, 100% used [0x00000000d5580000,0x00000000d5e80000,0x00000000d5e80000)
  from space 2048K, 53% used [0x00000000d6080000,0x00000000d6190010,0x00000000d6280000)
  to   space 1536K, 0% used [0x00000000d6300000,0x00000000d6300000,0x00000000d6480000)
 ParOldGen       total 68608K, used 53454K [0x0000000080000000, 0x0000000084300000, 0x00000000d5580000)
  object space 68608K, 77% used [0x0000000080000000,0x00000000834339b0,0x0000000084300000)
 Metaspace       used 60625K, committed 61888K, reserved 1114112K
  class space    used 7118K, committed 7616K, reserved 1048576K
}
Event: 71.065 GC heap after
{Heap after GC invocations=53 (full 3):
 PSYoungGen      total 10240K, used 960K [0x00000000d5580000, 0x00000000d6400000, 0x0000000100000000)
  eden space 9216K, 0% used [0x00000000d5580000,0x00000000d5580000,0x00000000d5e80000)
  from space 1024K, 93% used [0x00000000d6300000,0x00000000d63f0000,0x00000000d6400000)
  to   space 1536K, 0% used [0x00000000d6100000,0x00000000d6100000,0x00000000d6280000)
 ParOldGen       total 68608K, used 54382K [0x0000000080000000, 0x0000000084300000, 0x00000000d5580000)
  object space 68608K, 79% used [0x0000000080000000,0x000000008351b9c0,0x0000000084300000)
 Metaspace       used 60625K, committed 61888K, reserved 1114112K
  class space    used 7118K, committed 7616K, reserved 1048576K
}
Event: 71.163 GC heap before
{Heap before GC invocations=54 (full 3):
 PSYoungGen      total 10240K, used 10176K [0x00000000d5580000, 0x00000000d6400000, 0x0000000100000000)
  eden space 9216K, 100% used [0x00000000d5580000,0x00000000d5e80000,0x00000000d5e80000)
  from space 1024K, 93% used [0x00000000d6300000,0x00000000d63f0000,0x00000000d6400000)
  to   space 1536K, 0% used [0x00000000d6100000,0x00000000d6100000,0x00000000d6280000)
 ParOldGen       total 68608K, used 54382K [0x0000000080000000, 0x0000000084300000, 0x00000000d5580000)
  object space 68608K, 79% used [0x0000000080000000,0x000000008351b9c0,0x0000000084300000)
 Metaspace       used 60660K, committed 61888K, reserved 1114112K
  class space    used 7120K, committed 7616K, reserved 1048576K
}
Event: 71.168 GC heap after
{Heap after GC invocations=54 (full 3):
 PSYoungGen      total 10752K, used 1186K [0x00000000d5580000, 0x00000000d6380000, 0x0000000100000000)
  eden space 9216K, 0% used [0x00000000d5580000,0x00000000d5580000,0x00000000d5e80000)
  from space 1536K, 77% used [0x00000000d6100000,0x00000000d6228800,0x00000000d6280000)
  to   space 1024K, 0% used [0x00000000d6280000,0x00000000d6280000,0x00000000d6380000)
 ParOldGen       total 68608K, used 55198K [0x0000000080000000, 0x0000000084300000, 0x00000000d5580000)
  object space 68608K, 80% used [0x0000000080000000,0x00000000835e79c0,0x0000000084300000)
 Metaspace       used 60660K, committed 61888K, reserved 1114112K
  class space    used 7120K, committed 7616K, reserved 1048576K
}
Event: 71.259 GC heap before
{Heap before GC invocations=55 (full 3):
 PSYoungGen      total 10752K, used 10402K [0x00000000d5580000, 0x00000000d6380000, 0x0000000100000000)
  eden space 9216K, 100% used [0x00000000d5580000,0x00000000d5e80000,0x00000000d5e80000)
  from space 1536K, 77% used [0x00000000d6100000,0x00000000d6228800,0x00000000d6280000)
  to   space 1024K, 0% used [0x00000000d6280000,0x00000000d6280000,0x00000000d6380000)
 ParOldGen       total 68608K, used 55198K [0x0000000080000000, 0x0000000084300000, 0x00000000d5580000)
  object space 68608K, 80% used [0x0000000080000000,0x00000000835e79c0,0x0000000084300000)
 Metaspace       used 60663K, committed 61888K, reserved 1114112K
  class space    used 7120K, committed 7616K, reserved 1048576K
}
Event: 71.264 GC heap after
{Heap after GC invocations=55 (full 3):
 PSYoungGen      total 10240K, used 996K [0x00000000d5580000, 0x00000000d6380000, 0x0000000100000000)
  eden space 9216K, 0% used [0x00000000d5580000,0x00000000d5580000,0x00000000d5e80000)
  from space 1024K, 97% used [0x00000000d6280000,0x00000000d6379000,0x00000000d6380000)
  to   space 2560K, 0% used [0x00000000d5e80000,0x00000000d5e80000,0x00000000d6100000)
 ParOldGen       total 68608K, used 56156K [0x0000000080000000, 0x0000000084300000, 0x00000000d5580000)
  object space 68608K, 81% used [0x0000000080000000,0x00000000836d7370,0x0000000084300000)
 Metaspace       used 60663K, committed 61888K, reserved 1114112K
  class space    used 7120K, committed 7616K, reserved 1048576K
}
Event: 71.312 GC heap before
{Heap before GC invocations=56 (full 3):
 PSYoungGen      total 10240K, used 10212K [0x00000000d5580000, 0x00000000d6380000, 0x0000000100000000)
  eden space 9216K, 100% used [0x00000000d5580000,0x00000000d5e80000,0x00000000d5e80000)
  from space 1024K, 97% used [0x00000000d6280000,0x00000000d6379000,0x00000000d6380000)
  to   space 2560K, 0% used [0x00000000d5e80000,0x00000000d5e80000,0x00000000d6100000)
 ParOldGen       total 68608K, used 56156K [0x0000000080000000, 0x0000000084300000, 0x00000000d5580000)
  object space 68608K, 81% used [0x0000000080000000,0x00000000836d7370,0x0000000084300000)
 Metaspace       used 60664K, committed 61888K, reserved 1114112K
  class space    used 7120K, committed 7616K, reserved 1048576K
}
Event: 71.316 GC heap after
{Heap after GC invocations=56 (full 3):
 PSYoungGen      total 11776K, used 928K [0x00000000d5580000, 0x00000000d6300000, 0x0000000100000000)
  eden space 9216K, 0% used [0x00000000d5580000,0x00000000d5580000,0x00000000d5e80000)
  from space 2560K, 36% used [0x00000000d5e80000,0x00000000d5f68000,0x00000000d6100000)
  to   space 1536K, 0% used [0x00000000d6180000,0x00000000d6180000,0x00000000d6300000)
 ParOldGen       total 68608K, used 57117K [0x0000000080000000, 0x0000000084300000, 0x00000000d5580000)
  object space 68608K, 83% used [0x0000000080000000,0x00000000837c7470,0x0000000084300000)
 Metaspace       used 60664K, committed 61888K, reserved 1114112K
  class space    used 7120K, committed 7616K, reserved 1048576K
}
Event: 71.343 GC heap before
{Heap before GC invocations=57 (full 3):
 PSYoungGen      total 11776K, used 10144K [0x00000000d5580000, 0x00000000d6300000, 0x0000000100000000)
  eden space 9216K, 100% used [0x00000000d5580000,0x00000000d5e80000,0x00000000d5e80000)
  from space 2560K, 36% used [0x00000000d5e80000,0x00000000d5f68000,0x00000000d6100000)
  to   space 1536K, 0% used [0x00000000d6180000,0x00000000d6180000,0x00000000d6300000)
 ParOldGen       total 68608K, used 57117K [0x0000000080000000, 0x0000000084300000, 0x00000000d5580000)
  object space 68608K, 83% used [0x0000000080000000,0x00000000837c7470,0x0000000084300000)
 Metaspace       used 60666K, committed 61888K, reserved 1114112K
  class space    used 7120K, committed 7616K, reserved 1048576K
}
Event: 71.348 GC heap after
{Heap after GC invocations=57 (full 3):
 PSYoungGen      total 10240K, used 960K [0x00000000d5580000, 0x00000000d6280000, 0x0000000100000000)
  eden space 9216K, 0% used [0x00000000d5580000,0x00000000d5580000,0x00000000d5e80000)
  from space 1024K, 93% used [0x00000000d6180000,0x00000000d6270000,0x00000000d6280000)
  to   space 1024K, 0% used [0x00000000d6080000,0x00000000d6080000,0x00000000d6180000)
 ParOldGen       total 68608K, used 57845K [0x0000000080000000, 0x0000000084300000, 0x00000000d5580000)
  object space 68608K, 84% used [0x0000000080000000,0x000000008387d470,0x0000000084300000)
 Metaspace       used 60666K, committed 61888K, reserved 1114112K
  class space    used 7120K, committed 7616K, reserved 1048576K
}
Event: 71.514 GC heap before
{Heap before GC invocations=58 (full 3):
 PSYoungGen      total 10240K, used 10176K [0x00000000d5580000, 0x00000000d6280000, 0x0000000100000000)
  eden space 9216K, 100% used [0x00000000d5580000,0x00000000d5e80000,0x00000000d5e80000)
  from space 1024K, 93% used [0x00000000d6180000,0x00000000d6270000,0x00000000d6280000)
  to   space 1024K, 0% used [0x00000000d6080000,0x00000000d6080000,0x00000000d6180000)
 ParOldGen       total 68608K, used 57845K [0x0000000080000000, 0x0000000084300000, 0x00000000d5580000)
  object space 68608K, 84% used [0x0000000080000000,0x000000008387d470,0x0000000084300000)
 Metaspace       used 60678K, committed 61888K, reserved 1114112K
  class space    used 7120K, committed 7616K, reserved 1048576K
}
Event: 71.518 GC heap after
{Heap after GC invocations=58 (full 3):
 PSYoungGen      total 10240K, used 960K [0x00000000d5580000, 0x00000000d6200000, 0x0000000100000000)
  eden space 9216K, 0% used [0x00000000d5580000,0x00000000d5580000,0x00000000d5e80000)
  from space 1024K, 93% used [0x00000000d6080000,0x00000000d6170000,0x00000000d6180000)
  to   space 512K, 0% used [0x00000000d6180000,0x00000000d6180000,0x00000000d6200000)
 ParOldGen       total 68608K, used 58621K [0x0000000080000000, 0x0000000084300000, 0x00000000d5580000)
  object space 68608K, 85% used [0x0000000080000000,0x000000008393f470,0x0000000084300000)
 Metaspace       used 60678K, committed 61888K, reserved 1114112K
  class space    used 7120K, committed 7616K, reserved 1048576K
}
Event: 71.969 GC heap before
{Heap before GC invocations=59 (full 3):
 PSYoungGen      total 10240K, used 10175K [0x00000000d5580000, 0x00000000d6200000, 0x0000000100000000)
  eden space 9216K, 99% used [0x00000000d5580000,0x00000000d5e7ffe8,0x00000000d5e80000)
  from space 1024K, 93% used [0x00000000d6080000,0x00000000d6170000,0x00000000d6180000)
  to   space 512K, 0% used [0x00000000d6180000,0x00000000d6180000,0x00000000d6200000)
 ParOldGen       total 68608K, used 58621K [0x0000000080000000, 0x0000000084300000, 0x00000000d5580000)
  object space 68608K, 85% used [0x0000000080000000,0x000000008393f470,0x0000000084300000)
 Metaspace       used 60695K, committed 61888K, reserved 1114112K
  class space    used 7120K, committed 7616K, reserved 1048576K
}
Event: 71.975 GC heap after
{Heap after GC invocations=59 (full 3):
 PSYoungGen      total 9728K, used 512K [0x00000000d5580000, 0x00000000d6280000, 0x0000000100000000)
  eden space 9216K, 0% used [0x00000000d5580000,0x00000000d5580000,0x00000000d5e80000)
  from space 512K, 100% used [0x00000000d6180000,0x00000000d6200000,0x00000000d6200000)
  to   space 2048K, 0% used [0x00000000d5e80000,0x00000000d5e80000,0x00000000d6080000)
 ParOldGen       total 68608K, used 59941K [0x0000000080000000, 0x0000000084300000, 0x00000000d5580000)
  object space 68608K, 87% used [0x0000000080000000,0x0000000083a89480,0x0000000084300000)
 Metaspace       used 60695K, committed 61888K, reserved 1114112K
  class space    used 7120K, committed 7616K, reserved 1048576K
}
Event: 72.346 GC heap before
{Heap before GC invocations=60 (full 3):
 PSYoungGen      total 9728K, used 9728K [0x00000000d5580000, 0x00000000d6280000, 0x0000000100000000)
  eden space 9216K, 100% used [0x00000000d5580000,0x00000000d5e80000,0x00000000d5e80000)
  from space 512K, 100% used [0x00000000d6180000,0x00000000d6200000,0x00000000d6200000)
  to   space 2048K, 0% used [0x00000000d5e80000,0x00000000d5e80000,0x00000000d6080000)
 ParOldGen       total 68608K, used 59941K [0x0000000080000000, 0x0000000084300000, 0x00000000d5580000)
  object space 68608K, 87% used [0x0000000080000000,0x0000000083a89480,0x0000000084300000)
 Metaspace       used 60697K, committed 61888K, reserved 1114112K
  class space    used 7120K, committed 7616K, reserved 1048576K
}
Event: 72.349 GC heap after
{Heap after GC invocations=60 (full 3):
 PSYoungGen      total 11264K, used 896K [0x00000000d5580000, 0x00000000d6200000, 0x0000000100000000)
  eden space 9216K, 0% used [0x00000000d5580000,0x00000000d5580000,0x00000000d5e80000)
  from space 2048K, 43% used [0x00000000d5e80000,0x00000000d5f60000,0x00000000d6080000)
  to   space 1536K, 0% used [0x00000000d6080000,0x00000000d6080000,0x00000000d6200000)
 ParOldGen       total 68608K, used 60485K [0x0000000080000000, 0x0000000084300000, 0x00000000d5580000)
  object space 68608K, 88% used [0x0000000080000000,0x0000000083b11480,0x0000000084300000)
 Metaspace       used 60697K, committed 61888K, reserved 1114112K
  class space    used 7120K, committed 7616K, reserved 1048576K
}
Event: 72.825 GC heap before
{Heap before GC invocations=61 (full 3):
 PSYoungGen      total 11264K, used 10112K [0x00000000d5580000, 0x00000000d6200000, 0x0000000100000000)
  eden space 9216K, 100% used [0x00000000d5580000,0x00000000d5e80000,0x00000000d5e80000)
  from space 2048K, 43% used [0x00000000d5e80000,0x00000000d5f60000,0x00000000d6080000)
  to   space 1536K, 0% used [0x00000000d6080000,0x00000000d6080000,0x00000000d6200000)
 ParOldGen       total 68608K, used 60485K [0x0000000080000000, 0x0000000084300000, 0x00000000d5580000)
  object space 68608K, 88% used [0x0000000080000000,0x0000000083b11480,0x0000000084300000)
 Metaspace       used 60710K, committed 61952K, reserved 1114112K
  class space    used 7120K, committed 7616K, reserved 1048576K
}
Event: 72.828 GC heap after
{Heap after GC invocations=61 (full 3):
 PSYoungGen      total 10240K, used 856K [0x00000000d5580000, 0x00000000d6180000, 0x0000000100000000)
  eden space 9216K, 0% used [0x00000000d5580000,0x00000000d5580000,0x00000000d5e80000)
  from space 1024K, 83% used [0x00000000d6080000,0x00000000d6156200,0x00000000d6180000)
  to   space 1024K, 0% used [0x00000000d5f80000,0x00000000d5f80000,0x00000000d6080000)
 ParOldGen       total 68608K, used 61269K [0x0000000080000000, 0x0000000084300000, 0x00000000d5580000)
  object space 68608K, 89% used [0x0000000080000000,0x0000000083bd5480,0x0000000084300000)
 Metaspace       used 60710K, committed 61952K, reserved 1114112K
  class space    used 7120K, committed 7616K, reserved 1048576K
}
Event: 73.181 GC heap before
{Heap before GC invocations=62 (full 3):
 PSYoungGen      total 10240K, used 10072K [0x00000000d5580000, 0x00000000d6180000, 0x0000000100000000)
  eden space 9216K, 100% used [0x00000000d5580000,0x00000000d5e80000,0x00000000d5e80000)
  from space 1024K, 83% used [0x00000000d6080000,0x00000000d6156200,0x00000000d6180000)
  to   space 1024K, 0% used [0x00000000d5f80000,0x00000000d5f80000,0x00000000d6080000)
 ParOldGen       total 68608K, used 61269K [0x0000000080000000, 0x0000000084300000, 0x00000000d5580000)
  object space 68608K, 89% used [0x0000000080000000,0x0000000083bd5480,0x0000000084300000)
 Metaspace       used 61084K, committed 62400K, reserved 1114112K
  class space    used 7163K, committed 7680K, reserved 1048576K
}
Event: 73.185 GC heap after
{Heap after GC invocations=62 (full 3):
 PSYoungGen      total 10240K, used 864K [0x00000000d5580000, 0x00000000d6100000, 0x0000000100000000)
  eden space 9216K, 0% used [0x00000000d5580000,0x00000000d5580000,0x00000000d5e80000)
  from space 1024K, 84% used [0x00000000d5f80000,0x00000000d6058020,0x00000000d6080000)
  to   space 512K, 0% used [0x00000000d6080000,0x00000000d6080000,0x00000000d6100000)
 ParOldGen       total 68608K, used 62021K [0x0000000080000000, 0x0000000084300000, 0x00000000d5580000)
  object space 68608K, 90% used [0x0000000080000000,0x0000000083c91680,0x0000000084300000)
 Metaspace       used 61084K, committed 62400K, reserved 1114112K
  class space    used 7163K, committed 7680K, reserved 1048576K
}

Dll operation events (15 events):
Event: 0.019 Loaded shared library c:\Users\user\.vscode\extensions\redhat.java-1.46.0-win32-x64\jre\21.0.8-win32-x86_64\bin\java.dll
Event: 0.720 Loaded shared library c:\Users\user\.vscode\extensions\redhat.java-1.46.0-win32-x64\jre\21.0.8-win32-x86_64\bin\zip.dll
Event: 0.823 Loaded shared library C:\Users\user\.vscode\extensions\redhat.java-1.46.0-win32-x64\jre\21.0.8-win32-x86_64\bin\instrument.dll
Event: 0.836 Loaded shared library C:\Users\user\.vscode\extensions\redhat.java-1.46.0-win32-x64\jre\21.0.8-win32-x86_64\bin\net.dll
Event: 0.840 Loaded shared library C:\Users\user\.vscode\extensions\redhat.java-1.46.0-win32-x64\jre\21.0.8-win32-x86_64\bin\nio.dll
Event: 0.863 Loaded shared library C:\Users\user\.vscode\extensions\redhat.java-1.46.0-win32-x64\jre\21.0.8-win32-x86_64\bin\zip.dll
Event: 1.277 Loaded shared library C:\Users\user\.vscode\extensions\redhat.java-1.46.0-win32-x64\jre\21.0.8-win32-x86_64\bin\jimage.dll
Event: 1.609 Loaded shared library c:\Users\user\.vscode\extensions\redhat.java-1.46.0-win32-x64\jre\21.0.8-win32-x86_64\bin\verify.dll
Event: 19.428 Loaded shared library C:\Users\user\AppData\Roaming\Code\User\globalStorage\redhat.java\1.46.0\config_win\org.eclipse.equinox.launcher\org.eclipse.equinox.launcher.win32.win32.x86_64_1.2.1400.v20250801-0854\eclipse_11916.dll
Event: 49.893 Loaded shared library C:\Users\user\AppData\Local\Temp\jna-3599307\jna10262745790727094521.dll
Event: 55.943 Loaded shared library C:\Users\user\.vscode\extensions\redhat.java-1.46.0-win32-x64\jre\21.0.8-win32-x86_64\bin\sunmscapi.dll
Event: 56.249 Loaded shared library C:\Users\user\.vscode\extensions\redhat.java-1.46.0-win32-x64\jre\21.0.8-win32-x86_64\bin\extnet.dll
Event: 63.081 Loaded shared library C:\Users\user\.gradle\native\1def1411415f61bf3af743bc5b6707747c0891f09f0c88961ee8f79bc544acac\windows-amd64\native-platform.dll
Event: 66.908 Loaded shared library C:\Users\user\.vscode\extensions\redhat.java-1.46.0-win32-x64\jre\21.0.8-win32-x86_64\bin\management.dll
Event: 66.920 Loaded shared library C:\Users\user\.vscode\extensions\redhat.java-1.46.0-win32-x64\jre\21.0.8-win32-x86_64\bin\management_ext.dll

Deoptimization events (20 events):
Event: 73.026 Thread 0x000002ccfda40920 Uncommon trap: trap_request=0xffffffc6 fr.pc=0x000002cc87e64790 relative=0x0000000000000cf0
Event: 73.026 Thread 0x000002ccfda40920 Uncommon trap: reason=bimorphic_or_optimized_type_check action=maybe_recompile pc=0x000002cc87e64790 method=java.util.concurrent.ConcurrentHashMap.putVal(Ljava/lang/Object;Ljava/lang/Object;Z)Ljava/lang/Object; @ 242 c2
Event: 73.026 Thread 0x000002ccfda40920 DEOPT PACKING pc=0x000002cc87e64790 sp=0x000000cde09fe750
Event: 73.027 Thread 0x000002ccfda40920 DEOPT UNPACKING pc=0x000002cc87586da2 sp=0x000000cde09fe6e0 mode 2
Event: 73.094 Thread 0x000002ccfd8efe40 Uncommon trap: trap_request=0xffffff45 fr.pc=0x000002cc87c8e6e8 relative=0x0000000000000308
Event: 73.094 Thread 0x000002ccfd8efe40 Uncommon trap: reason=unstable_if action=reinterpret pc=0x000002cc87c8e6e8 method=jdk.internal.jimage.ImageStringsReader.stringFromByteBufferMatches(Ljava/nio/ByteBuffer;ILjava/lang/String;I)I @ 59 c2
Event: 73.094 Thread 0x000002ccfd8efe40 DEOPT PACKING pc=0x000002cc87c8e6e8 sp=0x000000cddf6fda50
Event: 73.094 Thread 0x000002ccfd8efe40 DEOPT UNPACKING pc=0x000002cc87586da2 sp=0x000000cddf6fd9c8 mode 2
Event: 73.094 Thread 0x000002ccfd8efe40 Uncommon trap: trap_request=0xffffff45 fr.pc=0x000002cc87f75b38 relative=0x0000000000000938
Event: 73.094 Thread 0x000002ccfd8efe40 Uncommon trap: reason=unstable_if action=reinterpret pc=0x000002cc87f75b38 method=jdk.internal.jrtfs.JrtFileSystem.checkNode(Ljdk/internal/jrtfs/JrtPath;)Ljdk/internal/jimage/ImageReader$Node; @ 16 c2
Event: 73.094 Thread 0x000002ccfd8efe40 DEOPT PACKING pc=0x000002cc87f75b38 sp=0x000000cddf6fdd40
Event: 73.094 Thread 0x000002ccfd8efe40 DEOPT UNPACKING pc=0x000002cc87586da2 sp=0x000000cddf6fdd50 mode 2
Event: 73.095 Thread 0x000002ccfd8efe40 Uncommon trap: trap_request=0xffffff45 fr.pc=0x000002cc87f72a0c relative=0x000000000000120c
Event: 73.095 Thread 0x000002ccfd8efe40 Uncommon trap: reason=unstable_if action=reinterpret pc=0x000002cc87f72a0c method=org.eclipse.jdt.internal.core.util.Util.splitOn(CLjava/lang/String;II)[Ljava/lang/String; @ 16 c2
Event: 73.095 Thread 0x000002ccfd8efe40 DEOPT PACKING pc=0x000002cc87f72a0c sp=0x000000cddf6fe5b0
Event: 73.095 Thread 0x000002ccfd8efe40 DEOPT UNPACKING pc=0x000002cc87586da2 sp=0x000000cddf6fe590 mode 2
Event: 73.096 Thread 0x000002ccfd8efe40 Uncommon trap: trap_request=0xffffff6e fr.pc=0x000002cc88002bd4 relative=0x0000000000000194
Event: 73.096 Thread 0x000002ccfd8efe40 Uncommon trap: reason=loop_limit_check action=maybe_recompile pc=0x000002cc88002bd4 method=org.eclipse.jdt.internal.core.util.HashtableOfArrayToObject.hashCode([Ljava/lang/Object;I)I @ 27 c2
Event: 73.096 Thread 0x000002ccfd8efe40 DEOPT PACKING pc=0x000002cc88002bd4 sp=0x000000cddf6fe4d0
Event: 73.096 Thread 0x000002ccfd8efe40 DEOPT UNPACKING pc=0x000002cc87586da2 sp=0x000000cddf6fe448 mode 2

Classes loaded (20 events):
Event: 70.027 Loading class jdk/internal/jimage/ImageReader$Directory
Event: 70.027 Loading class jdk/internal/jimage/ImageReader$Directory done
Event: 70.109 Loading class java/util/regex/PatternSyntaxException
Event: 70.110 Loading class java/util/regex/PatternSyntaxException done
Event: 70.812 Loading class java/util/AbstractList$ListItr
Event: 70.812 Loading class java/util/AbstractList$ListItr done
Event: 70.845 Loading class java/nio/channels/Channels$ReadableByteChannelImpl
Event: 70.845 Loading class java/nio/channels/Channels$ReadableByteChannelImpl done
Event: 70.846 Loading class java/nio/channels/NonWritableChannelException
Event: 70.846 Loading class java/nio/channels/NonWritableChannelException done
Event: 72.939 Loading class java/util/stream/DistinctOps
Event: 72.939 Loading class java/util/stream/DistinctOps done
Event: 72.939 Loading class java/util/stream/DistinctOps$1
Event: 72.939 Loading class java/util/stream/DistinctOps$1 done
Event: 72.956 Loading class java/util/stream/DistinctOps$1$2
Event: 72.957 Loading class java/util/stream/DistinctOps$1$2 done
Event: 73.204 Loading class java/nio/charset/CharacterCodingException
Event: 73.204 Loading class java/nio/charset/CharacterCodingException done
Event: 73.204 Loading class java/io/SequenceInputStream
Event: 73.205 Loading class java/io/SequenceInputStream done

Classes unloaded (11 events):
Event: 52.007 Thread 0x000002ccef0f26b0 Unloading class 0x000002cc901a8c00 'java/lang/invoke/LambdaForm$MH+0x000002cc901a8c00'
Event: 52.007 Thread 0x000002ccef0f26b0 Unloading class 0x000002cc901a8800 'java/lang/invoke/LambdaForm$MH+0x000002cc901a8800'
Event: 52.007 Thread 0x000002ccef0f26b0 Unloading class 0x000002cc901a8400 'java/lang/invoke/LambdaForm$MH+0x000002cc901a8400'
Event: 52.007 Thread 0x000002ccef0f26b0 Unloading class 0x000002cc901a8000 'java/lang/invoke/LambdaForm$MH+0x000002cc901a8000'
Event: 52.007 Thread 0x000002ccef0f26b0 Unloading class 0x000002cc901a7c00 'java/lang/invoke/LambdaForm$BMH+0x000002cc901a7c00'
Event: 52.007 Thread 0x000002ccef0f26b0 Unloading class 0x000002cc901a7800 'java/lang/invoke/LambdaForm$DMH+0x000002cc901a7800'
Event: 52.008 Thread 0x000002ccef0f26b0 Unloading class 0x000002cc901a6400 'java/lang/invoke/LambdaForm$DMH+0x000002cc901a6400'
Event: 55.390 Thread 0x000002ccef0f26b0 Unloading class 0x000002cc90302c00 'java/lang/invoke/LambdaForm$MH+0x000002cc90302c00'
Event: 55.390 Thread 0x000002ccef0f26b0 Unloading class 0x000002cc90302400 'java/lang/invoke/LambdaForm$MH+0x000002cc90302400'
Event: 55.390 Thread 0x000002ccef0f26b0 Unloading class 0x000002cc90300c00 'java/lang/invoke/LambdaForm$MH+0x000002cc90300c00'
Event: 55.390 Thread 0x000002ccef0f26b0 Unloading class 0x000002cc90300400 'java/lang/invoke/LambdaForm$DMH+0x000002cc90300400'

Classes redefined (0 events):
No events

Internal exceptions (20 events):
Event: 69.677 Thread 0x000002ccfd8efe40 Exception <a 'sun/nio/fs/WindowsException'{0x00000000d5cf3048}> (0x00000000d5cf3048) 
thrown [s\src\hotspot\share\prims\jni.cpp, line 520]
Event: 69.678 Thread 0x000002ccfd8efe40 Exception <a 'sun/nio/fs/WindowsException'{0x00000000d5cf3af8}> (0x00000000d5cf3af8) 
thrown [s\src\hotspot\share\prims\jni.cpp, line 520]
Event: 69.678 Thread 0x000002ccfd8efe40 Exception <a 'sun/nio/fs/WindowsException'{0x00000000d5cf4128}> (0x00000000d5cf4128) 
thrown [s\src\hotspot\share\prims\jni.cpp, line 520]
Event: 69.881 Thread 0x000002ccfd8efe40 Exception <a 'java/lang/NoSuchMethodError'{0x00000000d55f1d50}: 'java.lang.Object java.lang.invoke.DelegatingMethodHandle$Holder.reinvoke_L(java.lang.Object, int, long, java.lang.Object, java.lang.Object, int, java.lang.Object)'> (0x00000000d55f1d50) 
thrown [s\src\hotspot\share\interpreter\linkResolver.cpp, line 773]
Event: 69.902 Thread 0x000002ccd09c76c0 Exception <a 'java/lang/IncompatibleClassChangeError'{0x00000000d55ce180}: Found class java.lang.Object, but interface was expected> (0x00000000d55ce180) 
thrown [s\src\hotspot\share\interpreter\linkResolver.cpp, line 840]
Event: 70.379 Thread 0x000002ccfd8efe40 Exception <a 'java/lang/NoSuchMethodError'{0x00000000d5da5cf8}: 'java.lang.Object java.lang.invoke.Invokers$Holder.invoke_MT(java.lang.Object, java.lang.Object, java.lang.Object, java.lang.Object, java.lang.Object, java.lang.Object, java.lang.Object, java.lang.Object, java.lang.Object, java.lang.Object)'> (0x00000000d5da5cf8) 
thrown [s\src\hotspot\share\interpreter\linkResolver.cpp, line 773]
Event: 72.902 Thread 0x000002ccfd8efe40 Exception <a 'java/io/FileNotFoundException'{0x00000000d5b97a50}> (0x00000000d5b97a50) 
thrown [s\src\hotspot\share\prims\jni.cpp, line 520]
Event: 72.902 Thread 0x000002ccfd8efe40 Exception <a 'java/io/FileNotFoundException'{0x00000000d5b987c0}> (0x00000000d5b987c0) 
thrown [s\src\hotspot\share\prims\jni.cpp, line 520]
Event: 72.925 Thread 0x000002ccfd8efe40 Exception <a 'sun/nio/fs/WindowsException'{0x00000000d5c03948}> (0x00000000d5c03948) 
thrown [s\src\hotspot\share\prims\jni.cpp, line 520]
Event: 72.925 Thread 0x000002ccfd8efe40 Exception <a 'sun/nio/fs/WindowsException'{0x00000000d5c03f78}> (0x00000000d5c03f78) 
thrown [s\src\hotspot\share\prims\jni.cpp, line 520]
Event: 73.004 Thread 0x000002ccfda40920 Exception <a 'sun/nio/fs/WindowsException'{0x00000000d5c7f688}> (0x00000000d5c7f688) 
thrown [s\src\hotspot\share\prims\jni.cpp, line 520]
Event: 73.004 Thread 0x000002ccfda40920 Exception <a 'sun/nio/fs/WindowsException'{0x00000000d5c7ff68}> (0x00000000d5c7ff68) 
thrown [s\src\hotspot\share\prims\jni.cpp, line 520]
Event: 73.005 Thread 0x000002ccfda40920 Exception <a 'sun/nio/fs/WindowsException'{0x00000000d5c80cc8}> (0x00000000d5c80cc8) 
thrown [s\src\hotspot\share\prims\jni.cpp, line 520]
Event: 73.005 Thread 0x000002ccfda40920 Exception <a 'sun/nio/fs/WindowsException'{0x00000000d5c815a8}> (0x00000000d5c815a8) 
thrown [s\src\hotspot\share\prims\jni.cpp, line 520]
Event: 73.005 Thread 0x000002ccfda40920 Exception <a 'sun/nio/fs/WindowsException'{0x00000000d5c82cb0}> (0x00000000d5c82cb0) 
thrown [s\src\hotspot\share\prims\jni.cpp, line 520]
Event: 73.006 Thread 0x000002ccfda40920 Exception <a 'sun/nio/fs/WindowsException'{0x00000000d5c83590}> (0x00000000d5c83590) 
thrown [s\src\hotspot\share\prims\jni.cpp, line 520]
Event: 73.235 Thread 0x000002ccfd8efe40 Exception <a 'java/io/FileNotFoundException'{0x00000000d57900e0}> (0x00000000d57900e0) 
thrown [s\src\hotspot\share\prims\jni.cpp, line 520]
Event: 73.235 Thread 0x000002ccfd8efe40 Exception <a 'java/io/FileNotFoundException'{0x00000000d5790e40}> (0x00000000d5790e40) 
thrown [s\src\hotspot\share\prims\jni.cpp, line 520]
Event: 73.243 Thread 0x000002ccfd8efe40 Exception <a 'java/lang/NoSuchMethodError'{0x00000000d57b4a70}: 'java.lang.Object java.lang.invoke.DirectMethodHandle$Holder.invokeStatic(java.lang.Object, java.lang.Object, int, java.lang.Object)'> (0x00000000d57b4a70) 
thrown [s\src\hotspot\share\interpreter\linkResolver.cpp, line 773]
Event: 73.243 Thread 0x000002ccfd8efe40 Exception <a 'java/lang/NoSuchMethodError'{0x00000000d57bb468}: 'java.lang.Object java.lang.invoke.DirectMethodHandle$Holder.newInvokeSpecial(java.lang.Object, java.lang.Object, int)'> (0x00000000d57bb468) 
thrown [s\src\hotspot\share\interpreter\linkResolver.cpp, line 773]

ZGC Phase Switch (0 events):
No events

VM Operations (20 events):
Event: 420.792 Executing VM operation: HandshakeAllThreads (HandshakeForDeflation)
Event: 420.794 Executing VM operation: HandshakeAllThreads (HandshakeForDeflation) done
Event: 420.794 Executing VM operation: RendezvousGCThreads
Event: 420.794 Executing VM operation: RendezvousGCThreads done
Event: 480.875 Executing VM operation: HandshakeAllThreads (HandshakeForDeflation)
Event: 480.880 Executing VM operation: HandshakeAllThreads (HandshakeForDeflation) done
Event: 480.880 Executing VM operation: RendezvousGCThreads
Event: 480.880 Executing VM operation: RendezvousGCThreads done
Event: 540.978 Executing VM operation: HandshakeAllThreads (HandshakeForDeflation)
Event: 540.985 Executing VM operation: HandshakeAllThreads (HandshakeForDeflation) done
Event: 540.985 Executing VM operation: RendezvousGCThreads
Event: 540.985 Executing VM operation: RendezvousGCThreads done
Event: 661.292 Executing VM operation: HandshakeAllThreads (HandshakeForDeflation)
Event: 661.300 Executing VM operation: HandshakeAllThreads (HandshakeForDeflation) done
Event: 661.300 Executing VM operation: RendezvousGCThreads
Event: 661.301 Executing VM operation: RendezvousGCThreads done
Event: 721.303 Executing VM operation: HandshakeAllThreads (HandshakeForDeflation)
Event: 721.307 Executing VM operation: HandshakeAllThreads (HandshakeForDeflation) done
Event: 721.307 Executing VM operation: RendezvousGCThreads
Event: 721.307 Executing VM operation: RendezvousGCThreads done

Memory protections (0 events):
No events

Nmethod flushes (20 events):
Event: 69.375 Thread 0x000002ccef0f26b0 flushing  nmethod 0x000002cc80938a10
Event: 69.375 Thread 0x000002ccef0f26b0 flushing  nmethod 0x000002cc8093a290
Event: 69.375 Thread 0x000002ccef0f26b0 flushing  nmethod 0x000002cc8093b110
Event: 69.375 Thread 0x000002ccef0f26b0 flushing  nmethod 0x000002cc8093b710
Event: 69.375 Thread 0x000002ccef0f26b0 flushing  nmethod 0x000002cc8093d810
Event: 69.375 Thread 0x000002ccef0f26b0 flushing  nmethod 0x000002cc80957210
Event: 69.375 Thread 0x000002ccef0f26b0 flushing  nmethod 0x000002cc80970890
Event: 69.375 Thread 0x000002ccef0f26b0 flushing  nmethod 0x000002cc80984910
Event: 69.375 Thread 0x000002ccef0f26b0 flushing  nmethod 0x000002cc80992990
Event: 69.375 Thread 0x000002ccef0f26b0 flushing  nmethod 0x000002cc809a8510
Event: 69.375 Thread 0x000002ccef0f26b0 flushing  nmethod 0x000002cc809a9a90
Event: 69.375 Thread 0x000002ccef0f26b0 flushing  nmethod 0x000002cc809abd10
Event: 69.375 Thread 0x000002ccef0f26b0 flushing  nmethod 0x000002cc809ad490
Event: 69.375 Thread 0x000002ccef0f26b0 flushing  nmethod 0x000002cc809ae610
Event: 69.375 Thread 0x000002ccef0f26b0 flushing  nmethod 0x000002cc809c5f90
Event: 69.375 Thread 0x000002ccef0f26b0 flushing  nmethod 0x000002cc809c7590
Event: 69.375 Thread 0x000002ccef0f26b0 flushing  nmethod 0x000002cc809c8d90
Event: 69.375 Thread 0x000002ccef0f26b0 flushing  nmethod 0x000002cc809d1490
Event: 69.375 Thread 0x000002ccef0f26b0 flushing  nmethod 0x000002cc809d6d90
Event: 69.375 Thread 0x000002ccef0f26b0 flushing  nmethod 0x000002cc809d7210

Events (20 events):
Event: 69.002 Thread 0x000002ccef0fc850 Thread added: 0x000002ccd1582ed0
Event: 69.505 Thread 0x000002ccd09c69a0 Thread exited: 0x000002ccd09c69a0
Event: 69.794 Thread 0x000002ccd1582ed0 Thread exited: 0x000002ccd1582ed0
Event: 69.972 Thread 0x000002ccd09c5c80 Thread added: 0x000002ccfda40920
Event: 69.982 Thread 0x000002ccfda40920 Thread added: 0x000002ccfda40290
Event: 70.124 Thread 0x000002ccf8417520 Thread added: 0x000002ccd08164e0
Event: 70.260 Thread 0x000002ccf8417520 Thread added: 0x000002ccfd33ebe0
Event: 71.732 Thread 0x000002ccfd33ebe0 Thread exited: 0x000002ccfd33ebe0
Event: 71.905 Thread 0x000002ccd08164e0 Thread exited: 0x000002ccd08164e0
Event: 73.028 Thread 0x000002ccf8417520 Thread added: 0x000002ccd081e4d0
Event: 78.272 Thread 0x000002ccd081e4d0 Thread exited: 0x000002ccd081e4d0
Event: 130.036 Thread 0x000002ccfd8f25a0 Thread exited: 0x000002ccfd8f25a0
Event: 130.036 Thread 0x000002ccfd8f1f10 Thread exited: 0x000002ccfd8f1f10
Event: 133.046 Thread 0x000002ccfda40920 Thread exited: 0x000002ccfda40920
Event: 133.131 Thread 0x000002ccfd8f0b60 Thread exited: 0x000002ccfd8f0b60
Event: 133.132 Thread 0x000002ccfd8ef120 Thread exited: 0x000002ccfd8ef120
Event: 193.133 Thread 0x000002ccd09c5c80 Thread exited: 0x000002ccd09c5c80
Event: 253.110 Thread 0x000002ccfda40290 Thread exited: 0x000002ccfda40290
Event: 313.123 Thread 0x000002ccd09c7030 Thread exited: 0x000002ccd09c7030
Event: 373.180 Thread 0x000002ccd09c55f0 Thread exited: 0x000002ccd09c55f0


Dynamic libraries:
0x00007ff709660000 - 0x00007ff70966e000 	c:\Users\user\.vscode\extensions\redhat.java-1.46.0-win32-x64\jre\21.0.8-win32-x86_64\bin\java.exe
0x00007ffbe1980000 - 0x00007ffbe1be8000 	C:\WINDOWS\SYSTEM32\ntdll.dll
0x00007ffbe1090000 - 0x00007ffbe1159000 	C:\WINDOWS\System32\KERNEL32.DLL
0x00007ffbdf290000 - 0x00007ffbdf682000 	C:\WINDOWS\System32\KERNELBASE.dll
0x00007ffbdef30000 - 0x00007ffbdf07b000 	C:\WINDOWS\System32\ucrtbase.dll
0x00007ffbc6270000 - 0x00007ffbc6288000 	c:\Users\user\.vscode\extensions\redhat.java-1.46.0-win32-x64\jre\21.0.8-win32-x86_64\bin\jli.dll
0x00007ffbc6030000 - 0x00007ffbc604e000 	c:\Users\user\.vscode\extensions\redhat.java-1.46.0-win32-x64\jre\21.0.8-win32-x86_64\bin\VCRUNTIME140.dll
0x00007ffbe00f0000 - 0x00007ffbe02b5000 	C:\WINDOWS\System32\USER32.dll
0x00007ffbdf720000 - 0x00007ffbdf747000 	C:\WINDOWS\System32\win32u.dll
0x00007ffbc3d10000 - 0x00007ffbc3fa3000 	C:\WINDOWS\WinSxS\amd64_microsoft.windows.common-controls_6595b64144ccf1df_6.0.26100.6899_none_3e0efeeae32e88c1\COMCTL32.dll
0x00007ffbe02d0000 - 0x00007ffbe0379000 	C:\WINDOWS\System32\msvcrt.dll
0x00007ffbe0840000 - 0x00007ffbe086b000 	C:\WINDOWS\System32\GDI32.dll
0x00007ffbdebd0000 - 0x00007ffbdecfd000 	C:\WINDOWS\System32\gdi32full.dll
0x00007ffbdee80000 - 0x00007ffbdef23000 	C:\WINDOWS\System32\msvcp_win.dll
0x00007ffbe1250000 - 0x00007ffbe127f000 	C:\WINDOWS\System32\IMM32.DLL
0x00007ffbd8b50000 - 0x00007ffbd8b5c000 	c:\Users\user\.vscode\extensions\redhat.java-1.46.0-win32-x64\jre\21.0.8-win32-x86_64\bin\vcruntime140_1.dll
0x00007ffba72d0000 - 0x00007ffba735d000 	c:\Users\user\.vscode\extensions\redhat.java-1.46.0-win32-x64\jre\21.0.8-win32-x86_64\bin\msvcp140.dll
0x00007ffb2c7a0000 - 0x00007ffb2d537000 	c:\Users\user\.vscode\extensions\redhat.java-1.46.0-win32-x64\jre\21.0.8-win32-x86_64\bin\server\jvm.dll
0x00007ffbe0560000 - 0x00007ffbe0614000 	C:\WINDOWS\System32\ADVAPI32.dll
0x00007ffbe16b0000 - 0x00007ffbe1756000 	C:\WINDOWS\System32\sechost.dll
0x00007ffbdf780000 - 0x00007ffbdf898000 	C:\WINDOWS\System32\RPCRT4.dll
0x00007ffbe0070000 - 0x00007ffbe00e4000 	C:\WINDOWS\System32\WS2_32.dll
0x00007ffbde970000 - 0x00007ffbde9ce000 	C:\WINDOWS\SYSTEM32\POWRPROF.dll
0x00007ffbc3fe0000 - 0x00007ffbc4015000 	C:\WINDOWS\SYSTEM32\WINMM.dll
0x00007ffbcfe10000 - 0x00007ffbcfe1b000 	C:\WINDOWS\SYSTEM32\VERSION.dll
0x00007ffbde950000 - 0x00007ffbde964000 	C:\WINDOWS\SYSTEM32\UMPDC.dll
0x00007ffbdd8e0000 - 0x00007ffbdd8fb000 	C:\WINDOWS\SYSTEM32\kernel.appcore.dll
0x00007ffbcf9e0000 - 0x00007ffbcf9ea000 	c:\Users\user\.vscode\extensions\redhat.java-1.46.0-win32-x64\jre\21.0.8-win32-x86_64\bin\jimage.dll
0x00007ffbdbdd0000 - 0x00007ffbdc012000 	C:\WINDOWS\SYSTEM32\DBGHELP.DLL
0x00007ffbe0d10000 - 0x00007ffbe108b000 	C:\WINDOWS\System32\combase.dll
0x00007ffbe0620000 - 0x00007ffbe06f7000 	C:\WINDOWS\System32\OLEAUT32.dll
0x00007ffbbd1e0000 - 0x00007ffbbd21c000 	C:\WINDOWS\SYSTEM32\dbgcore.DLL
0x00007ffbdf1f0000 - 0x00007ffbdf288000 	C:\WINDOWS\System32\bcryptPrimitives.dll
0x00007ffba84c0000 - 0x00007ffba84cf000 	c:\Users\user\.vscode\extensions\redhat.java-1.46.0-win32-x64\jre\21.0.8-win32-x86_64\bin\instrument.dll
0x00007ffbc46b0000 - 0x00007ffbc46cf000 	c:\Users\user\.vscode\extensions\redhat.java-1.46.0-win32-x64\jre\21.0.8-win32-x86_64\bin\java.dll
0x00007ffbdf8a0000 - 0x00007ffbdffed000 	C:\WINDOWS\System32\SHELL32.dll
0x00007ffbdf080000 - 0x00007ffbdf1eb000 	C:\WINDOWS\System32\wintypes.dll
0x00007ffbdc780000 - 0x00007ffbdcfdd000 	C:\WINDOWS\SYSTEM32\windows.storage.dll
0x00007ffbe1310000 - 0x00007ffbe1402000 	C:\WINDOWS\System32\SHCORE.dll
0x00007ffbe0000000 - 0x00007ffbe0062000 	C:\WINDOWS\System32\shlwapi.dll
0x00007ffbdea30000 - 0x00007ffbdea59000 	C:\WINDOWS\SYSTEM32\profapi.dll
0x00007ffbc2f70000 - 0x00007ffbc2f88000 	c:\Users\user\.vscode\extensions\redhat.java-1.46.0-win32-x64\jre\21.0.8-win32-x86_64\bin\zip.dll
0x00007ffbcf7e0000 - 0x00007ffbcf7f0000 	C:\Users\user\.vscode\extensions\redhat.java-1.46.0-win32-x64\jre\21.0.8-win32-x86_64\bin\net.dll
0x00007ffbd8640000 - 0x00007ffbd875f000 	C:\WINDOWS\SYSTEM32\WINHTTP.dll
0x00007ffbdde50000 - 0x00007ffbddebb000 	C:\WINDOWS\system32\mswsock.dll
0x00007ffbbc3c0000 - 0x00007ffbbc3d6000 	C:\Users\user\.vscode\extensions\redhat.java-1.46.0-win32-x64\jre\21.0.8-win32-x86_64\bin\nio.dll
0x00007ffba7a80000 - 0x00007ffba7a90000 	c:\Users\user\.vscode\extensions\redhat.java-1.46.0-win32-x64\jre\21.0.8-win32-x86_64\bin\verify.dll
0x00007ffb508f0000 - 0x00007ffb50934000 	C:\Users\user\AppData\Roaming\Code\User\globalStorage\redhat.java\1.46.0\config_win\org.eclipse.equinox.launcher\org.eclipse.equinox.launcher.win32.win32.x86_64_1.2.1400.v20250801-0854\eclipse_11916.dll
0x00007ffbe1510000 - 0x00007ffbe16a8000 	C:\WINDOWS\System32\ole32.dll
0x00007ffbde100000 - 0x00007ffbde11b000 	C:\WINDOWS\SYSTEM32\CRYPTSP.dll
0x00007ffbdd840000 - 0x00007ffbdd87b000 	C:\WINDOWS\system32\rsaenh.dll
0x00007ffbddef0000 - 0x00007ffbddf1b000 	C:\WINDOWS\SYSTEM32\USERENV.dll
0x00007ffbdea00000 - 0x00007ffbdea26000 	C:\WINDOWS\SYSTEM32\bcrypt.dll
0x00007ffbde120000 - 0x00007ffbde12c000 	C:\WINDOWS\SYSTEM32\CRYPTBASE.dll
0x00007ffbdd3b0000 - 0x00007ffbdd3e4000 	C:\WINDOWS\SYSTEM32\IPHLPAPI.DLL
0x00007ffbe0870000 - 0x00007ffbe087a000 	C:\WINDOWS\System32\NSI.dll
0x00007ffba8160000 - 0x00007ffba81a9000 	C:\Users\user\AppData\Local\Temp\jna-3599307\jna10262745790727094521.dll
0x00007ffbe02c0000 - 0x00007ffbe02c8000 	C:\WINDOWS\System32\PSAPI.DLL
0x00007ffbd87a0000 - 0x00007ffbd87be000 	C:\WINDOWS\SYSTEM32\dhcpcsvc6.DLL
0x00007ffbd8770000 - 0x00007ffbd8793000 	C:\WINDOWS\SYSTEM32\dhcpcsvc.DLL
0x00007ffbcf840000 - 0x00007ffbcf84e000 	C:\Users\user\.vscode\extensions\redhat.java-1.46.0-win32-x64\jre\21.0.8-win32-x86_64\bin\sunmscapi.dll
0x00007ffbded00000 - 0x00007ffbdee77000 	C:\WINDOWS\System32\CRYPT32.dll
0x00007ffbde320000 - 0x00007ffbde350000 	C:\WINDOWS\SYSTEM32\ncrypt.dll
0x00007ffbde2d0000 - 0x00007ffbde30f000 	C:\WINDOWS\SYSTEM32\NTASN1.dll
0x00007ffbdd490000 - 0x00007ffbdd5b6000 	C:\WINDOWS\SYSTEM32\DNSAPI.dll
0x00007ffbd83e0000 - 0x00007ffbd83eb000 	C:\Windows\System32\rasadhlp.dll
0x00007ffbd89a0000 - 0x00007ffbd8a26000 	C:\WINDOWS\System32\fwpuclnt.dll
0x00007ffbcf6f0000 - 0x00007ffbcf6f9000 	C:\Users\user\.vscode\extensions\redhat.java-1.46.0-win32-x64\jre\21.0.8-win32-x86_64\bin\extnet.dll
0x00007ffbc5840000 - 0x00007ffbc5867000 	C:\Users\user\.gradle\native\1def1411415f61bf3af743bc5b6707747c0891f09f0c88961ee8f79bc544acac\windows-amd64\native-platform.dll
0x00007ffbda8a0000 - 0x00007ffbda8aa000 	C:\Users\user\.vscode\extensions\redhat.java-1.46.0-win32-x64\jre\21.0.8-win32-x86_64\bin\management.dll
0x00007ffbcf850000 - 0x00007ffbcf85b000 	C:\Users\user\.vscode\extensions\redhat.java-1.46.0-win32-x64\jre\21.0.8-win32-x86_64\bin\management_ext.dll

JVMTI agents:
c:\Users\user\.vscode\extensions\redhat.java-1.46.0-win32-x64\lombok\lombok-1.18.39-4050.jar path:c:\Users\user\.vscode\extensions\redhat.java-1.46.0-win32-x64\jre\21.0.8-win32-x86_64\bin\instrument.dll, loaded, initialized, instrumentlib options:none

dbghelp: loaded successfully - version: 4.0.5 - missing functions: none
symbol engine: initialized successfully - sym options: 0x614 - pdb path: .;c:\Users\user\.vscode\extensions\redhat.java-1.46.0-win32-x64\jre\21.0.8-win32-x86_64\bin;C:\WINDOWS\SYSTEM32;C:\WINDOWS\WinSxS\amd64_microsoft.windows.common-controls_6595b64144ccf1df_6.0.26100.6899_none_3e0efeeae32e88c1;c:\Users\user\.vscode\extensions\redhat.java-1.46.0-win32-x64\jre\21.0.8-win32-x86_64\bin\server;C:\Users\user\AppData\Roaming\Code\User\globalStorage\redhat.java\1.46.0\config_win\org.eclipse.equinox.launcher\org.eclipse.equinox.launcher.win32.win32.x86_64_1.2.1400.v20250801-0854;C:\Users\user\AppData\Local\Temp\jna-3599307;C:\Users\user\.gradle\native\1def1411415f61bf3af743bc5b6707747c0891f09f0c88961ee8f79bc544acac\windows-amd64

VM Arguments:
jvm_args: --add-modules=ALL-SYSTEM --add-opens=java.base/java.util=ALL-UNNAMED --add-opens=java.base/java.lang=ALL-UNNAMED --add-opens=java.base/sun.nio.fs=ALL-UNNAMED -Declipse.application=org.eclipse.jdt.ls.core.id1 -Dosgi.bundles.defaultStartLevel=4 -Declipse.product=org.eclipse.jdt.ls.core.product -Djava.import.generatesMetadataFilesAtProjectRoot=false -DDetectVMInstallationsJob.disabled=true -Dfile.encoding=utf8 -XX:+UseParallelGC -XX:GCTimeRatio=4 -XX:AdaptiveSizePolicyWeight=90 -Dsun.zip.disableMemoryMapping=true -Xmx2G -Xms100m -Xlog:disable -javaagent:c:\Users\user\.vscode\extensions\redhat.java-1.46.0-win32-x64\lombok\lombok-1.18.39-4050.jar -XX:+HeapDumpOnOutOfMemoryError -XX:HeapDumpPath=c:\Users\user\AppData\Roaming\Code\User\workspaceStorage\968f4acc916927243aacbed8db51f338\redhat.java -Daether.dependencyCollector.impl=bf 
java_command: c:\Users\user\.vscode\extensions\redhat.java-1.46.0-win32-x64\server\plugins\org.eclipse.equinox.launcher_1.7.0.v20250519-0528.jar -configuration c:\Users\user\AppData\Roaming\Code\User\globalStorage\redhat.java\1.46.0\config_win -data c:\Users\user\AppData\Roaming\Code\User\workspaceStorage\968f4acc916927243aacbed8db51f338\redhat.java\jdt_ws --pipe=\\.\pipe\lsp-ab1abcdf51dcdab4940b50895c10fd66-sock
java_class_path (initial): c:\Users\user\.vscode\extensions\redhat.java-1.46.0-win32-x64\server\plugins\org.eclipse.equinox.launcher_1.7.0.v20250519-0528.jar
Launcher Type: SUN_STANDARD

[Global flags]
    uintx AdaptiveSizePolicyWeight                 = 90                                        {product} {command line}
     intx CICompilerCount                          = 4                                         {product} {ergonomic}
    uintx GCTimeRatio                              = 4                                         {product} {command line}
     bool HeapDumpOnOutOfMemoryError               = true                                   {manageable} {command line}
    ccstr HeapDumpPath                             = c:\Users\user\AppData\Roaming\Code\User\workspaceStorage\968f4acc916927243aacbed8db51f338\redhat.java         {manageable} {command line}
   size_t InitialHeapSize                          = 104857600                                 {product} {command line}
   size_t MaxHeapSize                              = 2147483648                                {product} {command line}
   size_t MaxNewSize                               = 715653120                                 {product} {ergonomic}
   size_t MinHeapDeltaBytes                        = 524288                                    {product} {ergonomic}
   size_t MinHeapSize                              = 104857600                                 {product} {command line}
   size_t NewSize                                  = 34603008                                  {product} {ergonomic}
    uintx NonNMethodCodeHeapSize                   = 5839372                                {pd product} {ergonomic}
    uintx NonProfiledCodeHeapSize                  = 122909434                              {pd product} {ergonomic}
   size_t OldSize                                  = 70254592                                  {product} {ergonomic}
    uintx ProfiledCodeHeapSize                     = 122909434                              {pd product} {ergonomic}
    uintx ReservedCodeCacheSize                    = 251658240                              {pd product} {ergonomic}
     bool SegmentedCodeCache                       = true                                      {product} {ergonomic}
   size_t SoftMaxHeapSize                          = 2147483648                             {manageable} {ergonomic}
     bool UseCompressedOops                        = true                           {product lp64_product} {ergonomic}
     bool UseLargePagesIndividualAllocation        = false                                  {pd product} {ergonomic}
     bool UseParallelGC                            = true                                      {product} {command line}

Logging:
Log output configuration:
 #0: stdout all=off uptime,level,tags foldmultilines=false
 #1: stderr all=off uptime,level,tags foldmultilines=false

Environment Variables:
PATH=C:\Python313\Scripts\;C:\Python313\;C:\Program Files\Common Files\Oracle\Java\javapath;C:\Users\user\AppData\Local\Android\Sdk\emulator;C:\WINDOWS\system32;C:\WINDOWS;C:\WINDOWS\System32\Wbem;C:\WINDOWS\System32\WindowsPowerShell\v1.0\;C:\WINDOWS\System32\OpenSSH\;C:\ProgramData\chocolatey\bin;C:\Program Files (x86)\PuTTY\;C:\ProgramData\ComposerSetup\bin;C:\Program Files\Git\cmd;C:\Program Files\dotnet\;C:\Users\user\Downloads\Programs;C:\Program Files (x86)\Geth;C:\Users\user\Downloads\Programs\GETH;C:\Program Files\Arduino CLI\;C:\Users\user\AppData\Local\Android\Sdk\platform-tools;C:\Program Files\Tesseract-OCR;C:\Users\user\AppData\Local\nvm;C:\nvm4w\nodejs1\nodejs;C:\Program Files\nodejs\;C:\Program Files\cursor\resources\app\bin;C:\Users\user\anaconda3;C:\Users\user\anaconda3\Library\mingw-w64\bin;C:\Users\user\anaconda3\Library\usr\bin;C:\Users\user\anaconda3\Library\bin;C:\Users\user\anaconda3\Scripts;C:\Users\user\AppData\Local\Programs\Python\Python312\Scripts\;C:\Users\user\AppData\Local\Programs\Python\Python312\;C:\Users\user\AppData\Local\Microsoft\WindowsApps;C:\src\flutter\bin;C:\Program Files (x86)\Nmap;C:\Users\user\AppData\Local\Programs\Microsoft VS Code\bin;C:\src\flutter_windows_3.13.7-stable\flutter\bin;C:\src\dartsdk-windows-ia32-release\dart-sdk\bin;C:\xampp\php;C:\Users\user\AppData\Roaming\Composer\vendor\bin;C:\Users\user\Downloads\Programs\arduino-cli_0.34.2_Windows_64bit;C:\Program Files\PostgreSQL;C:\Program Files\PostgreSQL\16rc1;C:\Program Files\Geth;C:\Users\user\AppData\Local\Microsoft\WinGet\Packages\Schniz.fnm_Microsoft.Winget.Source_8wekyb3d8bbwe;C:\Program Files\JetBrains\PyCharm 2024.3\bin;;C:\Users\user\Downloads\apache-maven-3.9.9-src.zip\apache-maven-3.9.9;C:\Program Files\Tesseract-OCR\tesseract.exe;C:\Users\user\Documents\nginx-1.28.0\nginx-1.28.0;C:\Users\user\AppData\Local\nvm;C:\nvm4w\nodejs1\nodejs;C:\Program Files\nvm;C:\Program Files\nodejs;C:\Users\user\AppData\Roaming\npm;C:\Users\user\AppData\Local\Android\Sdk\platform-tools;C:\Users\user\AppData\Local\Android\Sdk\emulator;C:\Users\user\AppData\Local\Android\Sdk\platform-tools;
USERNAME=user
OS=Windows_NT
PROCESSOR_IDENTIFIER=Intel64 Family 6 Model 140 Stepping 1, GenuineIntel
TMP=C:\Users\user\AppData\Local\Temp
TEMP=C:\Users\user\AppData\Local\Temp




Periodic native trim disabled

---------------  S Y S T E M  ---------------

OS:
 Windows 11 , 64 bit Build 26100 (10.0.26100.6725)
OS uptime: 4 days 12:28 hours

CPU: total 8 (initial active 8) (4 cores per cpu, 2 threads per core) family 6 model 140 stepping 1 microcode 0xa4, cx8, cmov, fxsr, ht, mmx, 3dnowpref, sse, sse2, sse3, ssse3, sse4.1, sse4.2, popcnt, lzcnt, tsc, tscinvbit, avx, avx2, aes, erms, clmul, bmi1, bmi2, adx, avx512f, avx512dq, avx512cd, avx512bw, avx512vl, sha, fma, vzeroupper, avx512_vpopcntdq, avx512_vpclmulqdq, avx512_vaes, avx512_vnni, clflush, clflushopt, clwb, avx512_vbmi2, avx512_vbmi, rdtscp, rdpid, fsrm, gfni, avx512_bitalg, f16c, pku, cet_ibt, cet_ss, avx512_ifma
Processor Information for the first 8 processors :
  Max Mhz: 2803, Current Mhz: 2803, Mhz Limit: 2803

Memory: 4k page, system-wide physical 7975M (221M free)
TotalPageFile size 32551M (AvailPageFile size 5M)
current process WorkingSet (physical memory assigned to process): 7M, peak: 277M
current process commit charge ("private bytes"): 338M, peak: 374M

vm_info: OpenJDK 64-Bit Server VM (21.0.8+9-LTS) for windows-amd64 JRE (21.0.8+9-LTS), built on 2025-07-15T00:00:00Z by "admin" with MS VC++ 17.7 (VS2022)

END.
